<?xml version='1.0' encoding='UTF-8'?>
<testsuite hostname="tord-fighter1" name="Core.CyclicVecMatSpec" tests="1" errors="0" failures="1" skipped="0" time="3.138">
                     <properties>
[...]
</properties>
                     <testcase classname="Core.CyclicVecMatSpec" name="vec mat multiplier should work" time="3.138">
                                                 <failure message="
firrtl.passes.CheckInitialization$RefNotInitializedException:  @[CyclicGrid.scala 22:43:@74.4] : [module CyclicVectorGrid]  Reference CyclicVector is not fully initialized.
   : CyclicVector.io.dataIn &lt;= VOID
firrtl.passes.CheckInitialization$RefNotInitializedException:  @[CyclicGrid.scala 22:43:@74.4] : [module CyclicVectorGrid]  Reference CyclicVector is not fully initialized.
   : CyclicVector.io.writeEnable &lt;= VOID
firrtl.passes.CheckInitialization$RefNotInitializedException:  @[CyclicGrid.scala 22:43:@77.4] : [module CyclicVectorGrid]  Reference CyclicVector_1 is not fully initialized.
   : CyclicVector_1.io.dataIn &lt;= VOID
firrtl.passes.CheckInitialization$RefNotInitializedException:  @[CyclicGrid.scala 22:43:@77.4] : [module CyclicVectorGrid]  Reference CyclicVector_1 is not fully initialized.
   : CyclicVector_1.io.writeEnable &lt;= VOID
firrtl.passes.CheckInitialization$RefNotInitializedException:  @[:@72.4] : [module CyclicVectorGrid]  Reference io is not fully initialized.
   : io.dataOut &lt;= VOID
firrtl.passes.CheckInitialization$RefNotInitializedException:  @[CyclicVecMat.scala 58:36:@113.4] : [module CyclicVecMat]  Reference CyclicDot is not fully initialized.
   : CyclicDot.io.dataInA &lt;= VOID
firrtl.passes.CheckInitialization$RefNotInitializedException:  @[CyclicVecMat.scala 56:36:@107.4] : [module CyclicVecMat]  Reference CyclicVector is not fully initialized.
   : CyclicVector.io.dataIn &lt;= VOID
firrtl.passes.CheckInitialization$RefNotInitializedException:  @[CyclicVecMat.scala 56:36:@107.4] : [module CyclicVecMat]  Reference CyclicVector is not fully initialized.
   : CyclicVector.io.writeEnable &lt;= VOID
firrtl.passes.CheckInitialization$RefNotInitializedException:  @[CyclicVecMat.scala 57:36:@110.4] : [module CyclicVecMat]  Reference CyclicVectorGrid is not fully initialized.
   : CyclicVectorGrid.io.writeEnable &lt;= VOID
firrtl.passes.CheckInitialization$RefNotInitializedException:  @[CyclicVecMat.scala 57:36:@110.4] : [module CyclicVecMat]  Reference CyclicVectorGrid is not fully initialized.
   : CyclicVectorGrid.io.rowSelect &lt;= VOID
firrtl.passes.CheckInitialization$RefNotInitializedException:  @[CyclicVecMat.scala 57:36:@110.4] : [module CyclicVecMat]  Reference CyclicVectorGrid is not fully initialized.
   : CyclicVectorGrid.io.dataIn &lt;= VOID
firrtl.passes.CheckInitialization$RefNotInitializedException:  @[CyclicVecMat.scala 58:36:@113.4] : [module CyclicVecMat]  Reference CyclicDot is not fully initialized.
   : CyclicDot.io.dataInB &lt;= VOID
firrtl.passes.CheckInitialization$RefNotInitializedException:  @[:@105.4] : [module CyclicVecMat]  Reference io is not fully initialized.
   : io.done &lt;= VOID
firrtl.passes.CheckInitialization$RefNotInitializedException:  @[:@105.4] : [module CyclicVecMat]  Reference io is not fully initialized.
   : io.dataOut &lt;= VOID
firrtl.passes.CheckInitialization$RefNotInitializedException:  @[:@105.4] : [module CyclicVecMat]  Reference io is not fully initialized.
   : io.dataValid &lt;= VOID
firrtl.passes.PassException: 15 errors detected!" type="firrtl.passes.PassExceptions">firrtl.passes.PassExceptions: 
firrtl.passes.CheckInitialization$RefNotInitializedException:  @[CyclicGrid.scala 22:43:@74.4] : [module CyclicVectorGrid]  Reference CyclicVector is not fully initialized.
   : CyclicVector.io.dataIn &lt;= VOID
firrtl.passes.CheckInitialization$RefNotInitializedException:  @[CyclicGrid.scala 22:43:@74.4] : [module CyclicVectorGrid]  Reference CyclicVector is not fully initialized.
   : CyclicVector.io.writeEnable &lt;= VOID
firrtl.passes.CheckInitialization$RefNotInitializedException:  @[CyclicGrid.scala 22:43:@77.4] : [module CyclicVectorGrid]  Reference CyclicVector_1 is not fully initialized.
   : CyclicVector_1.io.dataIn &lt;= VOID
firrtl.passes.CheckInitialization$RefNotInitializedException:  @[CyclicGrid.scala 22:43:@77.4] : [module CyclicVectorGrid]  Reference CyclicVector_1 is not fully initialized.
   : CyclicVector_1.io.writeEnable &lt;= VOID
firrtl.passes.CheckInitialization$RefNotInitializedException:  @[:@72.4] : [module CyclicVectorGrid]  Reference io is not fully initialized.
   : io.dataOut &lt;= VOID
firrtl.passes.CheckInitialization$RefNotInitializedException:  @[CyclicVecMat.scala 58:36:@113.4] : [module CyclicVecMat]  Reference CyclicDot is not fully initialized.
   : CyclicDot.io.dataInA &lt;= VOID
firrtl.passes.CheckInitialization$RefNotInitializedException:  @[CyclicVecMat.scala 56:36:@107.4] : [module CyclicVecMat]  Reference CyclicVector is not fully initialized.
   : CyclicVector.io.dataIn &lt;= VOID
firrtl.passes.CheckInitialization$RefNotInitializedException:  @[CyclicVecMat.scala 56:36:@107.4] : [module CyclicVecMat]  Reference CyclicVector is not fully initialized.
   : CyclicVector.io.writeEnable &lt;= VOID
firrtl.passes.CheckInitialization$RefNotInitializedException:  @[CyclicVecMat.scala 57:36:@110.4] : [module CyclicVecMat]  Reference CyclicVectorGrid is not fully initialized.
   : CyclicVectorGrid.io.writeEnable &lt;= VOID
firrtl.passes.CheckInitialization$RefNotInitializedException:  @[CyclicVecMat.scala 57:36:@110.4] : [module CyclicVecMat]  Reference CyclicVectorGrid is not fully initialized.
   : CyclicVectorGrid.io.rowSelect &lt;= VOID
firrtl.passes.CheckInitialization$RefNotInitializedException:  @[CyclicVecMat.scala 57:36:@110.4] : [module CyclicVecMat]  Reference CyclicVectorGrid is not fully initialized.
   : CyclicVectorGrid.io.dataIn &lt;= VOID
firrtl.passes.CheckInitialization$RefNotInitializedException:  @[CyclicVecMat.scala 58:36:@113.4] : [module CyclicVecMat]  Reference CyclicDot is not fully initialized.
   : CyclicDot.io.dataInB &lt;= VOID
firrtl.passes.CheckInitialization$RefNotInitializedException:  @[:@105.4] : [module CyclicVecMat]  Reference io is not fully initialized.
   : io.done &lt;= VOID
firrtl.passes.CheckInitialization$RefNotInitializedException:  @[:@105.4] : [module CyclicVecMat]  Reference io is not fully initialized.
   : io.dataOut &lt;= VOID
firrtl.passes.CheckInitialization$RefNotInitializedException:  @[:@105.4] : [module CyclicVecMat]  Reference io is not fully initialized.
   : io.dataValid &lt;= VOID
firrtl.passes.PassException: 15 errors detected!
	at firrtl.passes.Errors.trigger(Passes.scala:45)
	at firrtl.passes.CheckInitialization$.run(CheckInitialization.scala:92)
	at firrtl.passes.Pass.execute(Passes.scala:24)
	at firrtl.passes.Pass.execute$(Passes.scala:22)
	at firrtl.passes.CheckInitialization$.execute(CheckInitialization.scala:17)
	at firrtl.Transform.$anonfun$runTransform$2(Compiler.scala:257)
	at firrtl.Utils$.time(Utils.scala:182)
	at firrtl.Transform.runTransform(Compiler.scala:257)
	at firrtl.SeqTransformBased.$anonfun$runTransforms$1(Compiler.scala:309)
	at scala.collection.LinearSeqOptimized.foldLeft(LinearSeqOptimized.scala:122)
	at scala.collection.LinearSeqOptimized.foldLeft$(LinearSeqOptimized.scala:118)
	at scala.collection.immutable.List.foldLeft(List.scala:86)
	at firrtl.SeqTransformBased.runTransforms(Compiler.scala:309)
	at firrtl.SeqTransformBased.runTransforms$(Compiler.scala:308)
	at firrtl.SeqTransform.runTransforms(Compiler.scala:313)
	at firrtl.SeqTransform.execute(Compiler.scala:319)
	at firrtl.Transform.$anonfun$runTransform$2(Compiler.scala:257)
	at firrtl.Utils$.time(Utils.scala:182)
	at firrtl.Transform.runTransform(Compiler.scala:257)
	at firrtl.Compiler.$anonfun$compile$2(Compiler.scala:471)
	at scala.collection.LinearSeqOptimized.foldLeft(LinearSeqOptimized.scala:122)
	at scala.collection.LinearSeqOptimized.foldLeft$(LinearSeqOptimized.scala:118)
	at scala.collection.immutable.List.foldLeft(List.scala:86)
	at firrtl.Compiler.$anonfun$compile$1(Compiler.scala:471)
	at firrtl.Utils$.time(Utils.scala:182)
	at firrtl.Compiler.compile(Compiler.scala:471)
	at firrtl.Compiler.compile$(Compiler.scala:467)
	at firrtl.LowFirrtlCompiler.compile(LoweringCompilers.scala:134)
	at firrtl.Driver$.$anonfun$execute$1(Driver.scala:227)
	at logger.Logger$.$anonfun$makeScope$2(Logger.scala:129)
	at scala.util.DynamicVariable.withValue(DynamicVariable.scala:58)
	at logger.Logger$.makeScope(Logger.scala:127)
	at firrtl.Driver$.execute(Driver.scala:209)
	at chisel3.Driver$.execute(Driver.scala:182)
	at chisel3.iotesters.setupTreadleBackend$.apply(TreadleBackend.scala:133)
	at chisel3.iotesters.Driver$.$anonfun$execute$2(Driver.scala:54)
	at scala.runtime.java8.JFunction0$mcZ$sp.apply(JFunction0$mcZ$sp.java:12)
	at logger.Logger$.$anonfun$makeScope$2(Logger.scala:129)
	at scala.util.DynamicVariable.withValue(DynamicVariable.scala:58)
	at logger.Logger$.makeScope(Logger.scala:127)
	at chisel3.iotesters.Driver$.$anonfun$execute$1(Driver.scala:39)
	at scala.runtime.java8.JFunction0$mcZ$sp.apply(JFunction0$mcZ$sp.java:12)
	at scala.util.DynamicVariable.withValue(DynamicVariable.scala:58)
	at chisel3.iotesters.Driver$.execute(Driver.scala:39)
	at Core.CyclicVecMatSpec.$anonfun$new$1(CyclicVecMatTest.scala:112)
	at org.scalatest.OutcomeOf.outcomeOf(OutcomeOf.scala:85)
	at org.scalatest.OutcomeOf.outcomeOf$(OutcomeOf.scala:83)
	at org.scalatest.OutcomeOf$.outcomeOf(OutcomeOf.scala:104)
	at org.scalatest.Transformer.apply(Transformer.scala:22)
	at org.scalatest.Transformer.apply(Transformer.scala:20)
	at org.scalatest.FlatSpecLike$$anon$1.apply(FlatSpecLike.scala:1682)
	at org.scalatest.TestSuite.withFixture(TestSuite.scala:196)
	at org.scalatest.TestSuite.withFixture$(TestSuite.scala:195)
	at org.scalatest.FlatSpec.withFixture(FlatSpec.scala:1685)
	at org.scalatest.FlatSpecLike.invokeWithFixture$1(FlatSpecLike.scala:1680)
	at org.scalatest.FlatSpecLike.$anonfun$runTest$1(FlatSpecLike.scala:1692)
	at org.scalatest.SuperEngine.runTestImpl(Engine.scala:289)
	at org.scalatest.FlatSpecLike.runTest(FlatSpecLike.scala:1692)
	at org.scalatest.FlatSpecLike.runTest$(FlatSpecLike.scala:1674)
	at org.scalatest.FlatSpec.runTest(FlatSpec.scala:1685)
	at org.scalatest.FlatSpecLike.$anonfun$runTests$1(FlatSpecLike.scala:1750)
	at org.scalatest.SuperEngine.$anonfun$runTestsInBranch$1(Engine.scala:396)
	at scala.collection.immutable.List.foreach(List.scala:389)
	at org.scalatest.SuperEngine.traverseSubNodes$1(Engine.scala:384)
	at org.scalatest.SuperEngine.runTestsInBranch(Engine.scala:373)
	at org.scalatest.SuperEngine.$anonfun$runTestsInBranch$1(Engine.scala:410)
	at scala.collection.immutable.List.foreach(List.scala:389)
	at org.scalatest.SuperEngine.traverseSubNodes$1(Engine.scala:384)
	at org.scalatest.SuperEngine.runTestsInBranch(Engine.scala:379)
	at org.scalatest.SuperEngine.runTestsImpl(Engine.scala:461)
	at org.scalatest.FlatSpecLike.runTests(FlatSpecLike.scala:1750)
	at org.scalatest.FlatSpecLike.runTests$(FlatSpecLike.scala:1749)
	at org.scalatest.FlatSpec.runTests(FlatSpec.scala:1685)
	at org.scalatest.Suite.run(Suite.scala:1147)
	at org.scalatest.Suite.run$(Suite.scala:1129)
	at org.scalatest.FlatSpec.org$scalatest$FlatSpecLike$$super$run(FlatSpec.scala:1685)
	at org.scalatest.FlatSpecLike.$anonfun$run$1(FlatSpecLike.scala:1795)
	at org.scalatest.SuperEngine.runImpl(Engine.scala:521)
	at org.scalatest.FlatSpecLike.run(FlatSpecLike.scala:1795)
	at org.scalatest.FlatSpecLike.run$(FlatSpecLike.scala:1793)
	at org.scalatest.FlatSpec.run(FlatSpec.scala:1685)
	at org.scalatest.tools.Framework.org$scalatest$tools$Framework$$runSuite(Framework.scala:314)
	at org.scalatest.tools.Framework$ScalaTestTask.execute(Framework.scala:507)
	at sbt.TestRunner.runTest$1(TestFramework.scala:106)
	at sbt.TestRunner.run(TestFramework.scala:117)
	at sbt.TestFramework$$anon$2$$anonfun$$lessinit$greater$1.$anonfun$apply$1(TestFramework.scala:262)
	at sbt.TestFramework$.sbt$TestFramework$$withContextLoader(TestFramework.scala:233)
	at sbt.TestFramework$$anon$2$$anonfun$$lessinit$greater$1.apply(TestFramework.scala:262)
	at sbt.TestFramework$$anon$2$$anonfun$$lessinit$greater$1.apply(TestFramework.scala:262)
	at sbt.TestFunction.apply(TestFramework.scala:271)
	at sbt.Tests$.$anonfun$toTask$1(Tests.scala:281)
	at sbt.std.Transform$$anon$3.$anonfun$apply$2(System.scala:46)
	at sbt.std.Transform$$anon$4.work(System.scala:66)
	at sbt.Execute.$anonfun$submit$2(Execute.scala:262)
	at sbt.internal.util.ErrorHandling$.wideConvert(ErrorHandling.scala:16)
	at sbt.Execute.work(Execute.scala:271)
	at sbt.Execute.$anonfun$submit$1(Execute.scala:262)
	at sbt.ConcurrentRestrictions$$anon$4.$anonfun$submitValid$1(ConcurrentRestrictions.scala:174)
	at sbt.CompletionService$$anon$2.call(CompletionService.scala:36)
	at java.util.concurrent.FutureTask.run(FutureTask.java:266)
	at java.util.concurrent.Executors$RunnableAdapter.call(Executors.java:511)
	at java.util.concurrent.FutureTask.run(FutureTask.java:266)
	at java.util.concurrent.ThreadPoolExecutor.runWorker(ThreadPoolExecutor.java:1149)
	at java.util.concurrent.ThreadPoolExecutor$Worker.run(ThreadPoolExecutor.java:624)
	at java.lang.Thread.run(Thread.java:748)
</failure>
                                               </testcase>
                     <system-out><![CDATA[]]></system-out>
                     <system-err><![CDATA[]]></system-err>
                   </testsuite>