[0m[[0m[0mdebug[0m] [0m[0mRunning TaskDef(Core.testUtilSpec, org.scalatest.tools.Framework$$anon$1@1abf886d, false, [SuiteSelector])[0m
[0m[[0m[0mdebug[0m] [0m[0mRunning TaskDef(Core.CyclicGridSpec, org.scalatest.tools.Framework$$anon$1@1abf886d, false, [SuiteSelector])[0m
[0m[[0m[0mdebug[0m] [0m[0mRunning TaskDef(Core.cyclicVecSpec, org.scalatest.tools.Framework$$anon$1@1abf886d, false, [SuiteSelector])[0m
[0m[[0m[0mdebug[0m] [0m[0mRunning TaskDef(Core.CyclicDotSpec, org.scalatest.tools.Framework$$anon$1@1abf886d, false, [SuiteSelector])[0m
[0m[[0m[0mdebug[0m] [0m[0mRunning TaskDef(Core.CyclicMatMulSpec, org.scalatest.tools.Framework$$anon$1@1abf886d, false, [SuiteSelector])[0m
[0m[[0m[0mdebug[0m] [0m[0mRunning TaskDef(Core.CyclicVecMatSpec, org.scalatest.tools.Framework$$anon$1@1abf886d, false, [SuiteSelector])[0m
[0m[[0m[0mdebug[0m] [0m[0mSummary for ScalaCheck not available.[0m
[0m[[0m[0minfo[0m] [0m[0mScalaTest[0m
[0m[[0m[0minfo[0m] [0m[0m[36mRun completed in 10 seconds, 598 milliseconds.[0m[0m
[0m[[0m[0minfo[0m] [0m[0m[36mTotal number of tests run: 12[0m[0m
[0m[[0m[0minfo[0m] [0m[0m[36mSuites: completed 6, aborted 0[0m[0m
[0m[[0m[0minfo[0m] [0m[0m[36mTests: succeeded 5, failed 7, canceled 0, ignored 0, pending 0[0m[0m
[0m[[0m[0minfo[0m] [0m[0m[31m*** 7 TESTS FAILED ***[0m[0m
[0m[[0m[31merror[0m] [0m[0mFailed: Total 12, Failed 7, Errors 0, Passed 5[0m
[0m[[0m[0mdebug[0m] [0m[0mPassed tests:[0m
[0m[[0m[0mdebug[0m] [0m[0m	Core.cyclicVecSpec[0m
[0m[[0m[0mdebug[0m] [0m[0m	Core.testUtilSpec[0m
[0m[[0m[31merror[0m] [0m[0mFailed tests:[0m
[0m[[0m[31merror[0m] [0m[0m	Core.CyclicVecMatSpec[0m
[0m[[0m[31merror[0m] [0m[0m	Core.CyclicDotSpec[0m
[0m[[0m[31merror[0m] [0m[0m	Core.CyclicGridSpec[0m
[0m[[0m[31merror[0m] [0m[0m	Core.CyclicMatMulSpec[0m
[0m[[0m[31merror[0m] [0m[0m(Test / [31mtest[0m) sbt.TestsFailedException: Tests unsuccessful[0m
