[0m[[0m[0minfo[0m] [0m[0m[32mCyclicDotSpec:[0m[0m
[0m[[0m[0minfo[0m] [0m[0m[32mCyclic vector[0m[0m
[0m[[0m[0minfo[0m] [0m[0m[31m- should Only signal valid output at end of calculation *** FAILED ***[0m[0m
[0m[[0m[0minfo[0m] [0m[0m[31m  false was not true (CyclicDotTest.scala:24)[0m[0m
[0m[[0m[0minfo[0m] [0m[0m[31m  org.scalatest.exceptions.TestFailedException:[0m[0m
[0m[[0m[0minfo[0m] [0m[0m[31m  at org.scalatest.MatchersHelper$.indicateFailure(MatchersHelper.scala:340)[0m[0m
[0m[[0m[0minfo[0m] [0m[0m[31m  at org.scalatest.Matchers$ShouldMethodHelper$.shouldMatcher(Matchers.scala:6668)[0m[0m
[0m[[0m[0minfo[0m] [0m[0m[31m  at org.scalatest.Matchers$AnyShouldWrapper.should(Matchers.scala:6704)[0m[0m
[0m[[0m[0minfo[0m] [0m[0m[31m  at Core.CyclicDotSpec.$anonfun$new$1(CyclicDotTest.scala:26)[0m[0m
[0m[[0m[0minfo[0m] [0m[0m[31m  at org.scalatest.OutcomeOf.outcomeOf(OutcomeOf.scala:85)[0m[0m
[0m[[0m[0minfo[0m] [0m[0m[31m  at org.scalatest.OutcomeOf.outcomeOf$(OutcomeOf.scala:83)[0m[0m
[0m[[0m[0minfo[0m] [0m[0m[31m  at org.scalatest.OutcomeOf$.outcomeOf(OutcomeOf.scala:104)[0m[0m
[0m[[0m[0minfo[0m] [0m[0m[31m  at org.scalatest.Transformer.apply(Transformer.scala:22)[0m[0m
[0m[[0m[0minfo[0m] [0m[0m[31m  at org.scalatest.Transformer.apply(Transformer.scala:20)[0m[0m
[0m[[0m[0minfo[0m] [0m[0m[31m  at org.scalatest.FlatSpecLike$$anon$1.apply(FlatSpecLike.scala:1682)[0m[0m
[0m[[0m[0minfo[0m] [0m[0m[31m  at org.scalatest.TestSuite.withFixture(TestSuite.scala:196)[0m[0m
[0m[[0m[0minfo[0m] [0m[0m[31m  at org.scalatest.TestSuite.withFixture$(TestSuite.scala:195)[0m[0m
[0m[[0m[0minfo[0m] [0m[0m[31m  at org.scalatest.FlatSpec.withFixture(FlatSpec.scala:1685)[0m[0m
[0m[[0m[0minfo[0m] [0m[0m[31m  at org.scalatest.FlatSpecLike.invokeWithFixture$1(FlatSpecLike.scala:1680)[0m[0m
[0m[[0m[0minfo[0m] [0m[0m[31m  at org.scalatest.FlatSpecLike.$anonfun$runTest$1(FlatSpecLike.scala:1692)[0m[0m
[0m[[0m[0minfo[0m] [0m[0m[31m  at org.scalatest.SuperEngine.runTestImpl(Engine.scala:289)[0m[0m
[0m[[0m[0minfo[0m] [0m[0m[31m  at org.scalatest.FlatSpecLike.runTest(FlatSpecLike.scala:1692)[0m[0m
[0m[[0m[0minfo[0m] [0m[0m[31m  at org.scalatest.FlatSpecLike.runTest$(FlatSpecLike.scala:1674)[0m[0m
[0m[[0m[0minfo[0m] [0m[0m[31m  at org.scalatest.FlatSpec.runTest(FlatSpec.scala:1685)[0m[0m
[0m[[0m[0minfo[0m] [0m[0m[31m  at org.scalatest.FlatSpecLike.$anonfun$runTests$1(FlatSpecLike.scala:1750)[0m[0m
[0m[[0m[0minfo[0m] [0m[0m[31m  at org.scalatest.SuperEngine.$anonfun$runTestsInBranch$1(Engine.scala:396)[0m[0m
[0m[[0m[0minfo[0m] [0m[0m[31m  at scala.collection.immutable.List.foreach(List.scala:389)[0m[0m
[0m[[0m[0minfo[0m] [0m[0m[31m  at org.scalatest.SuperEngine.traverseSubNodes$1(Engine.scala:384)[0m[0m
[0m[[0m[0minfo[0m] [0m[0m[31m  at org.scalatest.SuperEngine.runTestsInBranch(Engine.scala:373)[0m[0m
[0m[[0m[0minfo[0m] [0m[0m[31m  at org.scalatest.SuperEngine.$anonfun$runTestsInBranch$1(Engine.scala:410)[0m[0m
[0m[[0m[0minfo[0m] [0m[0m[31m  at scala.collection.immutable.List.foreach(List.scala:389)[0m[0m
[0m[[0m[0minfo[0m] [0m[0m[31m  at org.scalatest.SuperEngine.traverseSubNodes$1(Engine.scala:384)[0m[0m
[0m[[0m[0minfo[0m] [0m[0m[31m  at org.scalatest.SuperEngine.runTestsInBranch(Engine.scala:379)[0m[0m
[0m[[0m[0minfo[0m] [0m[0m[31m  at org.scalatest.SuperEngine.runTestsImpl(Engine.scala:461)[0m[0m
[0m[[0m[0minfo[0m] [0m[0m[31m  at org.scalatest.FlatSpecLike.runTests(FlatSpecLike.scala:1750)[0m[0m
[0m[[0m[0minfo[0m] [0m[0m[31m  at org.scalatest.FlatSpecLike.runTests$(FlatSpecLike.scala:1749)[0m[0m
[0m[[0m[0minfo[0m] [0m[0m[31m  at org.scalatest.FlatSpec.runTests(FlatSpec.scala:1685)[0m[0m
[0m[[0m[0minfo[0m] [0m[0m[31m  at org.scalatest.Suite.run(Suite.scala:1147)[0m[0m
[0m[[0m[0minfo[0m] [0m[0m[31m  at org.scalatest.Suite.run$(Suite.scala:1129)[0m[0m
[0m[[0m[0minfo[0m] [0m[0m[31m  at org.scalatest.FlatSpec.org$scalatest$FlatSpecLike$$super$run(FlatSpec.scala:1685)[0m[0m
[0m[[0m[0minfo[0m] [0m[0m[31m  at org.scalatest.FlatSpecLike.$anonfun$run$1(FlatSpecLike.scala:1795)[0m[0m
[0m[[0m[0minfo[0m] [0m[0m[31m  at org.scalatest.SuperEngine.runImpl(Engine.scala:521)[0m[0m
[0m[[0m[0minfo[0m] [0m[0m[31m  at org.scalatest.FlatSpecLike.run(FlatSpecLike.scala:1795)[0m[0m
[0m[[0m[0minfo[0m] [0m[0m[31m  at org.scalatest.FlatSpecLike.run$(FlatSpecLike.scala:1793)[0m[0m
[0m[[0m[0minfo[0m] [0m[0m[31m  at org.scalatest.FlatSpec.run(FlatSpec.scala:1685)[0m[0m
[0m[[0m[0minfo[0m] [0m[0m[31m  at org.scalatest.tools.Framework.org$scalatest$tools$Framework$$runSuite(Framework.scala:314)[0m[0m
[0m[[0m[0minfo[0m] [0m[0m[31m  at org.scalatest.tools.Framework$ScalaTestTask.execute(Framework.scala:507)[0m[0m
[0m[[0m[0minfo[0m] [0m[0m[31m  at sbt.TestRunner.runTest$1(TestFramework.scala:106)[0m[0m
[0m[[0m[0minfo[0m] [0m[0m[31m  at sbt.TestRunner.run(TestFramework.scala:117)[0m[0m
[0m[[0m[0minfo[0m] [0m[0m[31m  at sbt.TestFramework$$anon$2$$anonfun$$lessinit$greater$1.$anonfun$apply$1(TestFramework.scala:262)[0m[0m
[0m[[0m[0minfo[0m] [0m[0m[31m  at sbt.TestFramework$.sbt$TestFramework$$withContextLoader(TestFramework.scala:233)[0m[0m
[0m[[0m[0minfo[0m] [0m[0m[31m  at sbt.TestFramework$$anon$2$$anonfun$$lessinit$greater$1.apply(TestFramework.scala:262)[0m[0m
[0m[[0m[0minfo[0m] [0m[0m[31m  at sbt.TestFramework$$anon$2$$anonfun$$lessinit$greater$1.apply(TestFramework.scala:262)[0m[0m
[0m[[0m[0minfo[0m] [0m[0m[31m  at sbt.TestFunction.apply(TestFramework.scala:271)[0m[0m
[0m[[0m[0minfo[0m] [0m[0m[31m  at sbt.Tests$.$anonfun$toTask$1(Tests.scala:281)[0m[0m
[0m[[0m[0minfo[0m] [0m[0m[31m  at sbt.std.Transform$$anon$3.$anonfun$apply$2(System.scala:46)[0m[0m
[0m[[0m[0minfo[0m] [0m[0m[31m  at sbt.std.Transform$$anon$4.work(System.scala:66)[0m[0m
[0m[[0m[0minfo[0m] [0m[0m[31m  at sbt.Execute.$anonfun$submit$2(Execute.scala:262)[0m[0m
[0m[[0m[0minfo[0m] [0m[0m[31m  at sbt.internal.util.ErrorHandling$.wideConvert(ErrorHandling.scala:16)[0m[0m
[0m[[0m[0minfo[0m] [0m[0m[31m  at sbt.Execute.work(Execute.scala:271)[0m[0m
[0m[[0m[0minfo[0m] [0m[0m[31m  at sbt.Execute.$anonfun$submit$1(Execute.scala:262)[0m[0m
[0m[[0m[0minfo[0m] [0m[0m[31m  at sbt.ConcurrentRestrictions$$anon$4.$anonfun$submitValid$1(ConcurrentRestrictions.scala:174)[0m[0m
[0m[[0m[0minfo[0m] [0m[0m[31m  at sbt.CompletionService$$anon$2.call(CompletionService.scala:36)[0m[0m
[0m[[0m[0minfo[0m] [0m[0m[31m  at java.util.concurrent.FutureTask.run(FutureTask.java:266)[0m[0m
[0m[[0m[0minfo[0m] [0m[0m[31m  at java.util.concurrent.Executors$RunnableAdapter.call(Executors.java:511)[0m[0m
[0m[[0m[0minfo[0m] [0m[0m[31m  at java.util.concurrent.FutureTask.run(FutureTask.java:266)[0m[0m
[0m[[0m[0minfo[0m] [0m[0m[31m  at java.util.concurrent.ThreadPoolExecutor.runWorker(ThreadPoolExecutor.java:1149)[0m[0m
[0m[[0m[0minfo[0m] [0m[0m[31m  at java.util.concurrent.ThreadPoolExecutor$Worker.run(ThreadPoolExecutor.java:624)[0m[0m
[0m[[0m[0minfo[0m] [0m[0m[31m  at java.lang.Thread.run(Thread.java:748)[0m[0m
[0m[[0m[0minfo[0m] [0m[0m[31m- should Be able to count to 3 *** FAILED ***[0m[0m
[0m[[0m[0minfo[0m] [0m[0m[31m  false was not true (CyclicDotTest.scala:43)[0m[0m
[0m[[0m[0minfo[0m] [0m[0m[31m  org.scalatest.exceptions.TestFailedException:[0m[0m
[0m[[0m[0minfo[0m] [0m[0m[31m  at org.scalatest.MatchersHelper$.indicateFailure(MatchersHelper.scala:340)[0m[0m
[0m[[0m[0minfo[0m] [0m[0m[31m  at org.scalatest.Matchers$ShouldMethodHelper$.shouldMatcher(Matchers.scala:6668)[0m[0m
[0m[[0m[0minfo[0m] [0m[0m[31m  at org.scalatest.Matchers$AnyShouldWrapper.should(Matchers.scala:6704)[0m[0m
[0m[[0m[0minfo[0m] [0m[0m[31m  at Core.CyclicDotSpec.$anonfun$new$9(CyclicDotTest.scala:45)[0m[0m
[0m[[0m[0minfo[0m] [0m[0m[31m  at org.scalatest.OutcomeOf.outcomeOf(OutcomeOf.scala:85)[0m[0m
[0m[[0m[0minfo[0m] [0m[0m[31m  at org.scalatest.OutcomeOf.outcomeOf$(OutcomeOf.scala:83)[0m[0m
[0m[[0m[0minfo[0m] [0m[0m[31m  at org.scalatest.OutcomeOf$.outcomeOf(OutcomeOf.scala:104)[0m[0m
[0m[[0m[0minfo[0m] [0m[0m[31m  at org.scalatest.Transformer.apply(Transformer.scala:22)[0m[0m
[0m[[0m[0minfo[0m] [0m[0m[31m  at org.scalatest.Transformer.apply(Transformer.scala:20)[0m[0m
[0m[[0m[0minfo[0m] [0m[0m[31m  at org.scalatest.FlatSpecLike$$anon$1.apply(FlatSpecLike.scala:1682)[0m[0m
[0m[[0m[0minfo[0m] [0m[0m[31m  at org.scalatest.TestSuite.withFixture(TestSuite.scala:196)[0m[0m
[0m[[0m[0minfo[0m] [0m[0m[31m  at org.scalatest.TestSuite.withFixture$(TestSuite.scala:195)[0m[0m
[0m[[0m[0minfo[0m] [0m[0m[31m  at org.scalatest.FlatSpec.withFixture(FlatSpec.scala:1685)[0m[0m
[0m[[0m[0minfo[0m] [0m[0m[31m  at org.scalatest.FlatSpecLike.invokeWithFixture$1(FlatSpecLike.scala:1680)[0m[0m
[0m[[0m[0minfo[0m] [0m[0m[31m  at org.scalatest.FlatSpecLike.$anonfun$runTest$1(FlatSpecLike.scala:1692)[0m[0m
[0m[[0m[0minfo[0m] [0m[0m[31m  at org.scalatest.SuperEngine.runTestImpl(Engine.scala:289)[0m[0m
[0m[[0m[0minfo[0m] [0m[0m[31m  at org.scalatest.FlatSpecLike.runTest(FlatSpecLike.scala:1692)[0m[0m
[0m[[0m[0minfo[0m] [0m[0m[31m  at org.scalatest.FlatSpecLike.runTest$(FlatSpecLike.scala:1674)[0m[0m
[0m[[0m[0minfo[0m] [0m[0m[31m  at org.scalatest.FlatSpec.runTest(FlatSpec.scala:1685)[0m[0m
[0m[[0m[0minfo[0m] [0m[0m[31m  at org.scalatest.FlatSpecLike.$anonfun$runTests$1(FlatSpecLike.scala:1750)[0m[0m
[0m[[0m[0minfo[0m] [0m[0m[31m  at org.scalatest.SuperEngine.$anonfun$runTestsInBranch$1(Engine.scala:396)[0m[0m
[0m[[0m[0minfo[0m] [0m[0m[31m  at scala.collection.immutable.List.foreach(List.scala:389)[0m[0m
[0m[[0m[0minfo[0m] [0m[0m[31m  at org.scalatest.SuperEngine.traverseSubNodes$1(Engine.scala:384)[0m[0m
[0m[[0m[0minfo[0m] [0m[0m[31m  at org.scalatest.SuperEngine.runTestsInBranch(Engine.scala:373)[0m[0m
[0m[[0m[0minfo[0m] [0m[0m[31m  at org.scalatest.SuperEngine.$anonfun$runTestsInBranch$1(Engine.scala:410)[0m[0m
[0m[[0m[0minfo[0m] [0m[0m[31m  at scala.collection.immutable.List.foreach(List.scala:389)[0m[0m
[0m[[0m[0minfo[0m] [0m[0m[31m  at org.scalatest.SuperEngine.traverseSubNodes$1(Engine.scala:384)[0m[0m
[0m[[0m[0minfo[0m] [0m[0m[31m  at org.scalatest.SuperEngine.runTestsInBranch(Engine.scala:379)[0m[0m
[0m[[0m[0minfo[0m] [0m[0m[31m  at org.scalatest.SuperEngine.runTestsImpl(Engine.scala:461)[0m[0m
[0m[[0m[0minfo[0m] [0m[0m[31m  at org.scalatest.FlatSpecLike.runTests(FlatSpecLike.scala:1750)[0m[0m
[0m[[0m[0minfo[0m] [0m[0m[31m  at org.scalatest.FlatSpecLike.runTests$(FlatSpecLike.scala:1749)[0m[0m
[0m[[0m[0minfo[0m] [0m[0m[31m  at org.scalatest.FlatSpec.runTests(FlatSpec.scala:1685)[0m[0m
[0m[[0m[0minfo[0m] [0m[0m[31m  at org.scalatest.Suite.run(Suite.scala:1147)[0m[0m
[0m[[0m[0minfo[0m] [0m[0m[31m  at org.scalatest.Suite.run$(Suite.scala:1129)[0m[0m
[0m[[0m[0minfo[0m] [0m[0m[31m  at org.scalatest.FlatSpec.org$scalatest$FlatSpecLike$$super$run(FlatSpec.scala:1685)[0m[0m
[0m[[0m[0minfo[0m] [0m[0m[31m  at org.scalatest.FlatSpecLike.$anonfun$run$1(FlatSpecLike.scala:1795)[0m[0m
[0m[[0m[0minfo[0m] [0m[0m[31m  at org.scalatest.SuperEngine.runImpl(Engine.scala:521)[0m[0m
[0m[[0m[0minfo[0m] [0m[0m[31m  at org.scalatest.FlatSpecLike.run(FlatSpecLike.scala:1795)[0m[0m
[0m[[0m[0minfo[0m] [0m[0m[31m  at org.scalatest.FlatSpecLike.run$(FlatSpecLike.scala:1793)[0m[0m
[0m[[0m[0minfo[0m] [0m[0m[31m  at org.scalatest.FlatSpec.run(FlatSpec.scala:1685)[0m[0m
[0m[[0m[0minfo[0m] [0m[0m[31m  at org.scalatest.tools.Framework.org$scalatest$tools$Framework$$runSuite(Framework.scala:314)[0m[0m
[0m[[0m[0minfo[0m] [0m[0m[31m  at org.scalatest.tools.Framework$ScalaTestTask.execute(Framework.scala:507)[0m[0m
[0m[[0m[0minfo[0m] [0m[0m[31m  at sbt.TestRunner.runTest$1(TestFramework.scala:106)[0m[0m
[0m[[0m[0minfo[0m] [0m[0m[31m  at sbt.TestRunner.run(TestFramework.scala:117)[0m[0m
[0m[[0m[0minfo[0m] [0m[0m[31m  at sbt.TestFramework$$anon$2$$anonfun$$lessinit$greater$1.$anonfun$apply$1(TestFramework.scala:262)[0m[0m
[0m[[0m[0minfo[0m] [0m[0m[31m  at sbt.TestFramework$.sbt$TestFramework$$withContextLoader(TestFramework.scala:233)[0m[0m
[0m[[0m[0minfo[0m] [0m[0m[31m  at sbt.TestFramework$$anon$2$$anonfun$$lessinit$greater$1.apply(TestFramework.scala:262)[0m[0m
[0m[[0m[0minfo[0m] [0m[0m[31m  at sbt.TestFramework$$anon$2$$anonfun$$lessinit$greater$1.apply(TestFramework.scala:262)[0m[0m
[0m[[0m[0minfo[0m] [0m[0m[31m  at sbt.TestFunction.apply(TestFramework.scala:271)[0m[0m
[0m[[0m[0minfo[0m] [0m[0m[31m  at sbt.Tests$.$anonfun$toTask$1(Tests.scala:281)[0m[0m
[0m[[0m[0minfo[0m] [0m[0m[31m  at sbt.std.Transform$$anon$3.$anonfun$apply$2(System.scala:46)[0m[0m
[0m[[0m[0minfo[0m] [0m[0m[31m  at sbt.std.Transform$$anon$4.work(System.scala:66)[0m[0m
[0m[[0m[0minfo[0m] [0m[0m[31m  at sbt.Execute.$anonfun$submit$2(Execute.scala:262)[0m[0m
[0m[[0m[0minfo[0m] [0m[0m[31m  at sbt.internal.util.ErrorHandling$.wideConvert(ErrorHandling.scala:16)[0m[0m
[0m[[0m[0minfo[0m] [0m[0m[31m  at sbt.Execute.work(Execute.scala:271)[0m[0m
[0m[[0m[0minfo[0m] [0m[0m[31m  at sbt.Execute.$anonfun$submit$1(Execute.scala:262)[0m[0m
[0m[[0m[0minfo[0m] [0m[0m[31m  at sbt.ConcurrentRestrictions$$anon$4.$anonfun$submitValid$1(ConcurrentRestrictions.scala:174)[0m[0m
[0m[[0m[0minfo[0m] [0m[0m[31m  at sbt.CompletionService$$anon$2.call(CompletionService.scala:36)[0m[0m
[0m[[0m[0minfo[0m] [0m[0m[31m  at java.util.concurrent.FutureTask.run(FutureTask.java:266)[0m[0m
[0m[[0m[0minfo[0m] [0m[0m[31m  at java.util.concurrent.Executors$RunnableAdapter.call(Executors.java:511)[0m[0m
[0m[[0m[0minfo[0m] [0m[0m[31m  at java.util.concurrent.FutureTask.run(FutureTask.java:266)[0m[0m
[0m[[0m[0minfo[0m] [0m[0m[31m  at java.util.concurrent.ThreadPoolExecutor.runWorker(ThreadPoolExecutor.java:1149)[0m[0m
[0m[[0m[0minfo[0m] [0m[0m[31m  at java.util.concurrent.ThreadPoolExecutor$Worker.run(ThreadPoolExecutor.java:624)[0m[0m
[0m[[0m[0minfo[0m] [0m[0m[31m  at java.lang.Thread.run(Thread.java:748)[0m[0m
[0m[[0m[0minfo[0m] [0m[0m[32m- should Be able to calculate dot products[0m[0m
